This is pdfTeX, Version 3.141592653-2.6-1.40.26 (TeX Live 2024) (preloaded format=pdflatex 2024.4.28)  16 SEP 2024 17:44
entering extended mode
 restricted \write18 enabled.
 file:line:error style messages enabled.
 %&-line parsing enabled.
**/Users/giacomo/Documents/Chem/CH131/lab1.tex
(/Users/giacomo/Documents/Chem/CH131/lab1.tex
LaTeX2e <2023-11-01> patch level 1
L3 programming layer <2024-02-20>
(/usr/local/texlive/2024/texmf-dist/tex/latex/base/report.cls
Document Class: report 2023/05/17 v1.4n Standard LaTeX document class
(/usr/local/texlive/2024/texmf-dist/tex/latex/base/size10.clo
File: size10.clo 2023/05/17 v1.4n Standard LaTeX file (size option)
)
\c@part=\count188
\c@chapter=\count189
\c@section=\count190
\c@subsection=\count191
\c@subsubsection=\count192
\c@paragraph=\count193
\c@subparagraph=\count194
\c@figure=\count195
\c@table=\count196
\abovecaptionskip=\skip48
\belowcaptionskip=\skip49
\bibindent=\dimen140
) (/usr/local/texlive/2024/texmf-dist/tex/latex/l3backend/l3backend-pdftex.def
File: l3backend-pdftex.def 2024-02-20 L3 backend support: PDF output (pdfTeX)
\l__color_backend_stack_int=\count197
\l__pdf_internal_box=\box51
)
No file lab1.aux.
\openout1 = `lab1.aux'.

LaTeX Font Info:    Checking defaults for OML/cmm/m/it on input line 3.
LaTeX Font Info:    ... okay on input line 3.
LaTeX Font Info:    Checking defaults for OMS/cmsy/m/n on input line 3.
LaTeX Font Info:    ... okay on input line 3.
LaTeX Font Info:    Checking defaults for OT1/cmr/m/n on input line 3.
LaTeX Font Info:    ... okay on input line 3.
LaTeX Font Info:    Checking defaults for T1/cmr/m/n on input line 3.
LaTeX Font Info:    ... okay on input line 3.
LaTeX Font Info:    Checking defaults for TS1/cmr/m/n on input line 3.
LaTeX Font Info:    ... okay on input line 3.
LaTeX Font Info:    Checking defaults for OMX/cmex/m/n on input line 3.
LaTeX Font Info:    ... okay on input line 3.
LaTeX Font Info:    Checking defaults for U/cmr/m/n on input line 3.
LaTeX Font Info:    ... okay on input line 3.
LaTeX Font Info:    External font `cmex10' loaded for size
(Font)              <7> on input line 25.
LaTeX Font Info:    External font `cmex10' loaded for size
(Font)              <5> on input line 25.

/Users/giacomo/Documents/Chem/CH131/lab1.tex:25: LaTeX Error: Command \Diamond not provided in base LaTeX2e.

See the LaTeX manual or LaTeX Companion for explanation.
Type  H <return>  for immediate help.
 ...                                              
                                                  
l.25 \centerline{$\Diamond\Diamond\Diamond$}
                                             % Three diamond symbols
Load the latexsym or the amsfonts package to define this symbol


/Users/giacomo/Documents/Chem/CH131/lab1.tex:25: LaTeX Error: Command \Diamond not provided in base LaTeX2e.

See the LaTeX manual or LaTeX Companion for explanation.
Type  H <return>  for immediate help.
 ...                                              
                                                  
l.25 \centerline{$\Diamond\Diamond\Diamond$}
                                             % Three diamond symbols
Load the latexsym or the amsfonts package to define this symbol


/Users/giacomo/Documents/Chem/CH131/lab1.tex:25: LaTeX Error: Command \Diamond not provided in base LaTeX2e.

See the LaTeX manual or LaTeX Companion for explanation.
Type  H <return>  for immediate help.
 ...                                              
                                                  
l.25 \centerline{$\Diamond\Diamond\Diamond$}
                                             % Three diamond symbols
Load the latexsym or the amsfonts package to define this symbol

LaTeX Font Info:    External font `cmex10' loaded for size
(Font)              <14.4> on input line 28.
[1


{/usr/local/texlive/2024/texmf-var/fonts/map/pdftex/updmap/pdftex.map}{/usr/local/texlive/2024/texmf-dist/fonts/enc/dvips/cm-super/cm-super-ts1.enc}]

/Users/giacomo/Documents/Chem/CH131/lab1.tex:49: LaTeX Error: Command \Diamond not provided in base LaTeX2e.

See the LaTeX manual or LaTeX Companion for explanation.
Type  H <return>  for immediate help.
 ...                                              
                                                  
l.49 \centerline{$\Diamond\Diamond\Diamond$}
                                             % Three diamond symbols
Load the latexsym or the amsfonts package to define this symbol


/Users/giacomo/Documents/Chem/CH131/lab1.tex:49: LaTeX Error: Command \Diamond not provided in base LaTeX2e.

See the LaTeX manual or LaTeX Companion for explanation.
Type  H <return>  for immediate help.
 ...                                              
                                                  
l.49 \centerline{$\Diamond\Diamond\Diamond$}
                                             % Three diamond symbols
Load the latexsym or the amsfonts package to define this symbol


/Users/giacomo/Documents/Chem/CH131/lab1.tex:49: LaTeX Error: Command \Diamond not provided in base LaTeX2e.

See the LaTeX manual or LaTeX Companion for explanation.
Type  H <return>  for immediate help.
 ...                                              
                                                  
l.49 \centerline{$\Diamond\Diamond\Diamond$}
                                             % Three diamond symbols
Load the latexsym or the amsfonts package to define this symbol


/Users/giacomo/Documents/Chem/CH131/lab1.tex:73: LaTeX Error: Command \Diamond not provided in base LaTeX2e.

See the LaTeX manual or LaTeX Companion for explanation.
Type  H <return>  for immediate help.
 ...                                              
                                                  
l.73 \centerline{$\Diamond\Diamond\Diamond$}
                                             % Three diamond symbols
Load the latexsym or the amsfonts package to define this symbol


/Users/giacomo/Documents/Chem/CH131/lab1.tex:73: LaTeX Error: Command \Diamond not provided in base LaTeX2e.

See the LaTeX manual or LaTeX Companion for explanation.
Type  H <return>  for immediate help.
 ...                                              
                                                  
l.73 \centerline{$\Diamond\Diamond\Diamond$}
                                             % Three diamond symbols
Load the latexsym or the amsfonts package to define this symbol


/Users/giacomo/Documents/Chem/CH131/lab1.tex:73: LaTeX Error: Command \Diamond not provided in base LaTeX2e.

See the LaTeX manual or LaTeX Companion for explanation.
Type  H <return>  for immediate help.
 ...                                              
                                                  
l.73 \centerline{$\Diamond\Diamond\Diamond$}
                                             % Three diamond symbols
Load the latexsym or the amsfonts package to define this symbol

[2]

/Users/giacomo/Documents/Chem/CH131/lab1.tex:97: LaTeX Error: Command \Diamond not provided in base LaTeX2e.

See the LaTeX manual or LaTeX Companion for explanation.
Type  H <return>  for immediate help.
 ...                                              
                                                  
l.97 \centerline{$\Diamond\Diamond\Diamond$}
                                             % Three diamond symbols
Load the latexsym or the amsfonts package to define this symbol


/Users/giacomo/Documents/Chem/CH131/lab1.tex:97: LaTeX Error: Command \Diamond not provided in base LaTeX2e.

See the LaTeX manual or LaTeX Companion for explanation.
Type  H <return>  for immediate help.
 ...                                              
                                                  
l.97 \centerline{$\Diamond\Diamond\Diamond$}
                                             % Three diamond symbols
Load the latexsym or the amsfonts package to define this symbol


/Users/giacomo/Documents/Chem/CH131/lab1.tex:97: LaTeX Error: Command \Diamond not provided in base LaTeX2e.

See the LaTeX manual or LaTeX Companion for explanation.
Type  H <return>  for immediate help.
 ...                                              
                                                  
l.97 \centerline{$\Diamond\Diamond\Diamond$}
                                             % Three diamond symbols
Load the latexsym or the amsfonts package to define this symbol

[3]

/Users/giacomo/Documents/Chem/CH131/lab1.tex:121: LaTeX Error: Command \Diamond not provided in base LaTeX2e.

See the LaTeX manual or LaTeX Companion for explanation.
Type  H <return>  for immediate help.
 ...                                              
                                                  
l.121 \centerline{$\Diamond\Diamond\Diamond$}
                                              % Three diamond symbols
Load the latexsym or the amsfonts package to define this symbol


/Users/giacomo/Documents/Chem/CH131/lab1.tex:121: LaTeX Error: Command \Diamond not provided in base LaTeX2e.

See the LaTeX manual or LaTeX Companion for explanation.
Type  H <return>  for immediate help.
 ...                                              
                                                  
l.121 \centerline{$\Diamond\Diamond\Diamond$}
                                              % Three diamond symbols
Load the latexsym or the amsfonts package to define this symbol


/Users/giacomo/Documents/Chem/CH131/lab1.tex:121: LaTeX Error: Command \Diamond not provided in base LaTeX2e.

See the LaTeX manual or LaTeX Companion for explanation.
Type  H <return>  for immediate help.
 ...                                              
                                                  
l.121 \centerline{$\Diamond\Diamond\Diamond$}
                                              % Three diamond symbols
Load the latexsym or the amsfonts package to define this symbol

[4]

/Users/giacomo/Documents/Chem/CH131/lab1.tex:144: LaTeX Error: Command \Diamond not provided in base LaTeX2e.

See the LaTeX manual or LaTeX Companion for explanation.
Type  H <return>  for immediate help.
 ...                                              
                                                  
l.144 \centerline{$\Diamond\Diamond\Diamond$}
                                              % Three diamond symbols
Load the latexsym or the amsfonts package to define this symbol


/Users/giacomo/Documents/Chem/CH131/lab1.tex:144: LaTeX Error: Command \Diamond not provided in base LaTeX2e.

See the LaTeX manual or LaTeX Companion for explanation.
Type  H <return>  for immediate help.
 ...                                              
                                                  
l.144 \centerline{$\Diamond\Diamond\Diamond$}
                                              % Three diamond symbols
Load the latexsym or the amsfonts package to define this symbol


/Users/giacomo/Documents/Chem/CH131/lab1.tex:144: LaTeX Error: Command \Diamond not provided in base LaTeX2e.

See the LaTeX manual or LaTeX Companion for explanation.
Type  H <return>  for immediate help.
 ...                                              
                                                  
l.144 \centerline{$\Diamond\Diamond\Diamond$}
                                              % Three diamond symbols
Load the latexsym or the amsfonts package to define this symbol

[5]
Overfull \hbox (12.30049pt too wide) in paragraph at lines 171--172
[]\OT1/cmr/m/n/10 Dispose of any waste in the \OT1/cmr/bx/n/10 proper con-tain-ers\OT1/cmr/m/n/10 , \OT1/cmr/bx/n/10 clean up your workspace\OT1/cmr/m/n/10 ,
 []


/Users/giacomo/Documents/Chem/CH131/lab1.tex:176: LaTeX Error: Command \Diamond not provided in base LaTeX2e.

See the LaTeX manual or LaTeX Companion for explanation.
Type  H <return>  for immediate help.
 ...                                              
                                                  
l.176 \centerline{$\Diamond\Diamond\Diamond$}
                                              % Three diamond symbols
Load the latexsym or the amsfonts package to define this symbol


/Users/giacomo/Documents/Chem/CH131/lab1.tex:176: LaTeX Error: Command \Diamond not provided in base LaTeX2e.

See the LaTeX manual or LaTeX Companion for explanation.
Type  H <return>  for immediate help.
 ...                                              
                                                  
l.176 \centerline{$\Diamond\Diamond\Diamond$}
                                              % Three diamond symbols
Load the latexsym or the amsfonts package to define this symbol


/Users/giacomo/Documents/Chem/CH131/lab1.tex:176: LaTeX Error: Command \Diamond not provided in base LaTeX2e.

See the LaTeX manual or LaTeX Companion for explanation.
Type  H <return>  for immediate help.
 ...                                              
                                                  
l.176 \centerline{$\Diamond\Diamond\Diamond$}
                                              % Three diamond symbols
Load the latexsym or the amsfonts package to define this symbol


Underfull \hbox (badness 10000) in paragraph at lines 183--187

 []


Overfull \hbox (106.79137pt too wide) in paragraph at lines 183--187
[] 
 []


Underfull \hbox (badness 10000) in paragraph at lines 188--194

 []


Overfull \hbox (106.79137pt too wide) in paragraph at lines 188--194
[] 
 []


Underfull \hbox (badness 10000) in paragraph at lines 188--194

 []


Overfull \hbox (106.79137pt too wide) in paragraph at lines 188--194
[] 
 []

[6]
Underfull \hbox (badness 10000) in paragraph at lines 195--201

 []


Overfull \hbox (106.79137pt too wide) in paragraph at lines 195--201
[] 
 []


Underfull \hbox (badness 10000) in paragraph at lines 195--201

 []


Overfull \hbox (106.79137pt too wide) in paragraph at lines 195--201
[] 
 []


Underfull \hbox (badness 10000) in paragraph at lines 202--205

 []


Overfull \hbox (106.79137pt too wide) in paragraph at lines 202--205
[] 
 []


Underfull \hbox (badness 10000) in paragraph at lines 206--212

 []


Overfull \hbox (106.79137pt too wide) in paragraph at lines 206--212
[] 
 []


Underfull \hbox (badness 10000) in paragraph at lines 206--212

 []


Overfull \hbox (106.79137pt too wide) in paragraph at lines 206--212
[] 
 []


Underfull \hbox (badness 10000) in paragraph at lines 213--219

 []


Overfull \hbox (106.79137pt too wide) in paragraph at lines 213--219
[] 
 []


Underfull \hbox (badness 10000) in paragraph at lines 213--219

 []


Overfull \hbox (106.79137pt too wide) in paragraph at lines 213--219
[] 
 []


Underfull \hbox (badness 10000) in paragraph at lines 220--226

 []


Overfull \hbox (106.79137pt too wide) in paragraph at lines 220--226
[] 
 []


Underfull \hbox (badness 10000) in paragraph at lines 220--226

 []


Overfull \hbox (106.79137pt too wide) in paragraph at lines 220--226
[] 
 []


Underfull \hbox (badness 10000) in paragraph at lines 227--230

 []


Overfull \hbox (106.79137pt too wide) in paragraph at lines 227--230
[] 
 []

[7] (./lab1.aux)
 ***********
LaTeX2e <2023-11-01> patch level 1
L3 programming layer <2024-02-20>
 ***********
 ) 
Here is how much of TeX's memory you used:
 471 strings out of 474116
 8904 string characters out of 5743682
 1933187 words of memory out of 5000000
 22906 multiletter control sequences out of 15000+600000
 560878 words of font info for 45 fonts, out of 8000000 for 9000
 1141 hyphenation exceptions out of 8191
 35i,5n,50p,367b,202s stack positions out of 10000i,1000n,20000p,200000b,200000s
</usr/local/texlive/2024/texmf-dist/fonts/type1/public/amsfonts/cm/cmbx10.pfb></usr/local/texlive/2024/texmf-dist/fonts/type1/public/amsfonts/cm/cmbx12.pfb></usr/local/texlive/2024/texmf-dist/fonts/type1/public/amsfonts/cm/cmmi12.pfb></usr/local/texlive/2024/texmf-dist/fonts/type1/public/amsfonts/cm/cmr10.pfb></usr/local/texlive/2024/texmf-dist/fonts/type1/public/amsfonts/cm/cmr7.pfb></usr/local/texlive/2024/texmf-dist/fonts/type1/public/cm-super/sfbx1000.pfb></usr/local/texlive/2024/texmf-dist/fonts/type1/public/cm-super/sfrm1000.pfb>
Output written on lab1.pdf (7 pages, 104621 bytes).
PDF statistics:
 64 PDF objects out of 1000 (max. 8388607)
 40 compressed objects within 1 object stream
 0 named destinations out of 1000 (max. 500000)
 1 words of extra memory for PDF output out of 10000 (max. 10000000)

